0 info it worked if it ends with ok
1 verbose cli [ 'node', '/usr/local/bin/npm', 'shrinkwrap' ]
2 info using npm@2.5.1
3 info using node@v0.12.0
4 verbose node symlink /usr/local/bin/node
5 verbose stack Error: Problems were encountered
5 verbose stack Please correct and try again.
5 verbose stack extraneous: underscore@1.8.3 /Users/student/Desktop/shortly-deploy/node_modules/underscore
5 verbose stack     at shrinkwrap_ (/usr/local/lib/node_modules/npm/lib/shrinkwrap.js:31:15)
5 verbose stack     at /usr/local/lib/node_modules/npm/lib/shrinkwrap.js:25:5
5 verbose stack     at /usr/local/lib/node_modules/npm/lib/ls.js:46:30
5 verbose stack     at /usr/local/lib/node_modules/npm/node_modules/read-installed/read-installed.js:138:5
5 verbose stack     at /usr/local/lib/node_modules/npm/node_modules/read-installed/read-installed.js:251:14
5 verbose stack     at cb (/usr/local/lib/node_modules/npm/node_modules/slide/lib/async-map.js:47:24)
5 verbose stack     at /usr/local/lib/node_modules/npm/node_modules/read-installed/read-installed.js:251:14
5 verbose stack     at cb (/usr/local/lib/node_modules/npm/node_modules/slide/lib/async-map.js:47:24)
5 verbose stack     at /usr/local/lib/node_modules/npm/node_modules/read-installed/read-installed.js:251:14
5 verbose stack     at cb (/usr/local/lib/node_modules/npm/node_modules/slide/lib/async-map.js:47:24)
6 verbose cwd /Users/student/Desktop/shortly-deploy
7 error Darwin 14.3.0
8 error argv "node" "/usr/local/bin/npm" "shrinkwrap"
9 error node v0.12.0
10 error npm  v2.5.1
11 error Problems were encountered
11 error Please correct and try again.
11 error extraneous: underscore@1.8.3 /Users/student/Desktop/shortly-deploy/node_modules/underscore
12 error If you need help, you may report this error at:
12 error     <http://github.com/npm/npm/issues>
13 verbose exit [ 1, true ]
